mode: set
github.com/ezebunandu/screenshot-cleaner/cleaner/cleaner.go:12.52,14.16 2 1
github.com/ezebunandu/screenshot-cleaner/cleaner/cleaner.go:14.16,16.3 1 1
github.com/ezebunandu/screenshot-cleaner/cleaner/cleaner.go:17.2,18.29 2 1
github.com/ezebunandu/screenshot-cleaner/cleaner/cleaner.go:18.29,20.46 2 1
github.com/ezebunandu/screenshot-cleaner/cleaner/cleaner.go:20.46,22.4 1 1
github.com/ezebunandu/screenshot-cleaner/cleaner/cleaner.go:24.2,24.21 1 1
github.com/ezebunandu/screenshot-cleaner/cleaner/cleaner.go:27.48,34.19 5 1
github.com/ezebunandu/screenshot-cleaner/cleaner/cleaner.go:34.19,36.17 2 1
github.com/ezebunandu/screenshot-cleaner/cleaner/cleaner.go:36.17,38.4 1 0
github.com/ezebunandu/screenshot-cleaner/cleaner/cleaner.go:41.2,43.16 3 1
github.com/ezebunandu/screenshot-cleaner/cleaner/cleaner.go:43.16,45.3 1 0
github.com/ezebunandu/screenshot-cleaner/cleaner/cleaner.go:46.2,46.12 1 1
github.com/ezebunandu/screenshot-cleaner/cleaner/cleaner.go:49.44,51.2 1 1
github.com/ezebunandu/screenshot-cleaner/cleaner/cleaner.go:53.17,54.23 1 0
github.com/ezebunandu/screenshot-cleaner/cleaner/cleaner.go:54.23,57.6 2 0
github.com/ezebunandu/screenshot-cleaner/cleaner/cleaner.go:58.5,60.19 3 0
github.com/ezebunandu/screenshot-cleaner/cleaner/cleaner.go:60.19,63.6 2 0
github.com/ezebunandu/screenshot-cleaner/cleaner/cleaner.go:65.5,65.30 1 0
github.com/ezebunandu/screenshot-cleaner/cleaner/cleaner.go:65.30,68.6 2 0
github.com/ezebunandu/screenshot-cleaner/cleaner/cleaner.go:70.5,72.19 2 0
github.com/ezebunandu/screenshot-cleaner/cleaner/cleaner.go:72.19,75.6 2 0
github.com/ezebunandu/screenshot-cleaner/cleaner/cleaner.go:76.5,76.43 1 0
github.com/ezebunandu/screenshot-cleaner/cleaner/cleaner.go:76.43,78.23 2 0
github.com/ezebunandu/screenshot-cleaner/cleaner/cleaner.go:78.23,81.10 2 0
github.com/ezebunandu/screenshot-cleaner/cleaner/cleaner.go:83.5,84.10 2 0
